<?xml version="1.0" encoding="UTF-8"?>
<!-- Generated by org.testng.reporters.JUnitReportReporter -->
<testsuite hostname="ADF85-PC" name="configuration.DriverTest" tests="1" failures="0" timestamp="28 Sep 2015 09:57:36 GMT" time="565.538" errors="0">
  <testcase name="navigateToForm" time="565.538" classname="configuration.DriverTest"/>
</testsuite> <!-- configuration.DriverTest -->
