<?xml version="1.0" encoding="UTF-8"?>
<!-- Generated by org.testng.reporters.JUnitReportReporter -->
<testsuite hostname="SRIHARI" name="configuration.testclass" tests="1" failures="0" timestamp="22 Nov 2016 08:47:18 GMT" time="2.638" errors="0">
  <testcase name="readwriteexcel" time="2.638" classname="configuration.testclass"/>
</testsuite> <!-- configuration.testclass -->
