<?xml version="1.0" encoding="UTF-8"?>
<!-- Generated by org.testng.reporters.JUnitReportReporter -->
<testsuite hostname="SRIHARI" name="gateManagement.gettext" tests="1" failures="0" timestamp="15 Dec 2016 10:10:00 GMT" time="27.428" errors="0">
  <testcase name="setUp" time="27.428" classname="gateManagement.gettext"/>
</testsuite> <!-- gateManagement.gettext -->
