<?xml version="1.0" encoding="UTF-8"?>
<!-- Generated by org.testng.reporters.JUnitReportReporter -->
<testsuite hostname="SRIHARI" name="gateManagement.TestB" tests="4" failures="0" timestamp="13 Dec 2016 12:51:41 GMT" time="0.000" errors="0">
  <testcase name="testSampleOne" time="0.000" classname="gateManagement.TestB"/>
  <testcase name="testPageTitleSampleB" time="0.000" classname="gateManagement.TestB"/>
  <testcase name="testSampleThree" time="0.000" classname="gateManagement.TestB"/>
  <testcase name="testSampleTwo" time="0.000" classname="gateManagement.TestB"/>
</testsuite> <!-- gateManagement.TestB -->
