<?xml version="1.0" encoding="UTF-8"?>
<!-- Generated by org.testng.reporters.JUnitReportReporter -->
<testsuite hostname="SRIHARI" name="gateManagement.TestngAnnotation" tests="2" failures="0" timestamp="13 Dec 2016 12:51:54 GMT" time="0.016" errors="0">
  <testcase name="testCase2" time="0.000" classname="gateManagement.TestngAnnotation"/>
  <testcase name="testCase1" time="0.016" classname="gateManagement.TestngAnnotation"/>
</testsuite> <!-- gateManagement.TestngAnnotation -->
