<?xml version="1.0" encoding="UTF-8"?>
<!-- Generated by org.testng.reporters.JUnitReportReporter -->
<testsuite hostname="SRIHARI" name="gateManagement.TestA" tests="2" failures="0" timestamp="13 Dec 2016 12:51:41 GMT" time="0.015" errors="0">
  <testcase name="testSampleThree" time="0.015" classname="gateManagement.TestA"/>
  <testcase name="testSampleTwo" time="0.000" classname="gateManagement.TestA"/>
</testsuite> <!-- gateManagement.TestA -->
